# JRE version: OpenJDK Runtime Environment Temurin-21.0.6+7 (21.0.6+7) (build 21.0.6+7-LTS)
# Java VM: OpenJDK 64-Bit Server VM Temurin-21.0.6+7 (21.0.6+7-LTS, mixed mode, sharing, tiered, compressed oops, compressed class ptrs, parallel gc, windows-amd64)
GC Precious Log:
 CardTable entry size: 512
 CPUs: 8 total, 8 available
 Memory: 8048M
 Large Page Support: Disabled
 NUMA Support: Disabled
 Compressed Oops: Enabled (32-bit)
 Alignments: Space 512K, Generation 512K, Heap 2M
 Heap Min Capacity: 100M
 Heap Initial Capacity: 100M
 Heap Max Capacity: 1G
 Pre-touch: Disabled
 Parallel Workers: 8
Heap:
 PSYoungGen      total 24064K, used 1870K [0x00000000eab00000, 0x00000000ec580000, 0x0000000100000000)
  eden space 22016K, 0% used [0x00000000eab00000,0x00000000eab338f0,0x00000000ec080000)
  from space 2048K, 81% used [0x00000000ec380000,0x00000000ec520000,0x00000000ec580000)
  to   space 2048K, 0% used [0x00000000ec080000,0x00000000ec080000,0x00000000ec280000)
 ParOldGen       total 68608K, used 23060K [0x00000000c0000000, 0x00000000c4300000, 0x00000000eab00000)
  object space 68608K, 33% used [0x00000000c0000000,0x00000000c1685088,0x00000000c4300000)
 Metaspace       used 43439K, committed 44608K, reserved 1114112K
  class space    used 4555K, committed 5056K, reserved 1048576K
GC Heap History (20 events):
Event: 18.053 GC heap before
{Heap before GC invocations=8 (full 1):
 PSYoungGen      total 30208K, used 5149K [0x00000000eab00000, 0x00000000ece00000, 0x0000000100000000)
  eden space 24576K, 0% used [0x00000000eab00000,0x00000000eab00000,0x00000000ec300000)
  from space 5632K, 91% used [0x00000000ec380000,0x00000000ec8877a8,0x00000000ec900000)
  to   space 5120K, 0% used [0x00000000ec900000,0x00000000ec900000,0x00000000ece00000)
 ParOldGen       total 68608K, used 9806K [0x00000000c0000000, 0x00000000c4300000, 0x00000000eab00000)
  object space 68608K, 14% used [0x00000000c0000000,0x00000000c0993ba8,0x00000000c4300000)
 Metaspace       used 20667K, committed 21504K, reserved 1114112K
  class space    used 2045K, committed 2432K, reserved 1048576K
}
Event: 18.114 GC heap after
{Heap after GC invocations=8 (full 1):
 PSYoungGen      total 30208K, used 0K [0x00000000eab00000, 0x00000000ece00000, 0x0000000100000000)
  eden space 24576K, 0% used [0x00000000eab00000,0x00000000eab00000,0x00000000ec300000)
  from space 5632K, 0% used [0x00000000ec380000,0x00000000ec380000,0x00000000ec900000)
  to   space 5120K, 0% used [0x00000000ec900000,0x00000000ec900000,0x00000000ece00000)
 ParOldGen       total 68608K, used 13380K [0x00000000c0000000, 0x00000000c4300000, 0x00000000eab00000)
  object space 68608K, 19% used [0x00000000c0000000,0x00000000c0d113e0,0x00000000c4300000)
 Metaspace       used 20654K, committed 21504K, reserved 1114112K
  class space    used 2041K, committed 2432K, reserved 1048576K
}
Event: 19.136 GC heap before
{Heap before GC invocations=9 (full 1):
 PSYoungGen      total 30208K, used 24576K [0x00000000eab00000, 0x00000000ece00000, 0x0000000100000000)
  eden space 24576K, 100% used [0x00000000eab00000,0x00000000ec300000,0x00000000ec300000)
  from space 5632K, 0% used [0x00000000ec380000,0x00000000ec380000,0x00000000ec900000)
  to   space 5120K, 0% used [0x00000000ec900000,0x00000000ec900000,0x00000000ece00000)
 ParOldGen       total 68608K, used 13382K [0x00000000c0000000, 0x00000000c4300000, 0x00000000eab00000)
  object space 68608K, 19% used [0x00000000c0000000,0x00000000c0d118a8,0x00000000c4300000)
 Metaspace       used 24804K, committed 25664K, reserved 1114112K
  class space    used 2408K, committed 2816K, reserved 1048576K
}
Event: 19.149 GC heap after
{Heap after GC invocations=9 (full 1):
 PSYoungGen      total 25600K, used 608K [0x00000000eab00000, 0x00000000eca00000, 0x0000000100000000)
  eden space 24576K, 0% used [0x00000000eab00000,0x00000000eab00000,0x00000000ec300000)
  from space 1024K, 59% used [0x00000000ec900000,0x00000000ec998000,0x00000000eca00000)
  to   space 2560K, 0% used [0x00000000ec500000,0x00000000ec500000,0x00000000ec780000)
 ParOldGen       total 68608K, used 13390K [0x00000000c0000000, 0x00000000c4300000, 0x00000000eab00000)
  object space 68608K, 19% used [0x00000000c0000000,0x00000000c0d138a8,0x00000000c4300000)
 Metaspace       used 24804K, committed 25664K, reserved 1114112K
  class space    used 2408K, committed 2816K, reserved 1048576K
}
Event: 19.730 GC heap before
{Heap before GC invocations=10 (full 1):
 PSYoungGen      total 25600K, used 25184K [0x00000000eab00000, 0x00000000eca00000, 0x0000000100000000)
  eden space 24576K, 100% used [0x00000000eab00000,0x00000000ec300000,0x00000000ec300000)
  from space 1024K, 59% used [0x00000000ec900000,0x00000000ec998000,0x00000000eca00000)
  to   space 2560K, 0% used [0x00000000ec500000,0x00000000ec500000,0x00000000ec780000)
 ParOldGen       total 68608K, used 13559K [0x00000000c0000000, 0x00000000c4300000, 0x00000000eab00000)
  object space 68608K, 19% used [0x00000000c0000000,0x00000000c0d3dea8,0x00000000c4300000)
 Metaspace       used 26942K, committed 27776K, reserved 1114112K
  class space    used 2590K, committed 2944K, reserved 1048576K
}
Event: 19.733 GC heap after
{Heap after GC invocations=10 (full 1):
 PSYoungGen      total 26624K, used 2472K [0x00000000eab00000, 0x00000000ec980000, 0x0000000100000000)
  eden space 24064K, 0% used [0x00000000eab00000,0x00000000eab00000,0x00000000ec280000)
  from space 2560K, 96% used [0x00000000ec500000,0x00000000ec76a2b0,0x00000000ec780000)
  to   space 2048K, 0% used [0x00000000ec780000,0x00000000ec780000,0x00000000ec980000)
 ParOldGen       total 68608K, used 13559K [0x00000000c0000000, 0x00000000c4300000, 0x00000000eab00000)
  object space 68608K, 19% used [0x00000000c0000000,0x00000000c0d3dea8,0x00000000c4300000)
 Metaspace       used 26942K, committed 27776K, reserved 1114112K
  class space    used 2590K, committed 2944K, reserved 1048576K
}
Event: 20.413 GC heap before
{Heap before GC invocations=11 (full 1):
 PSYoungGen      total 26624K, used 26536K [0x00000000eab00000, 0x00000000ec980000, 0x0000000100000000)
  eden space 24064K, 100% used [0x00000000eab00000,0x00000000ec280000,0x00000000ec280000)
  from space 2560K, 96% used [0x00000000ec500000,0x00000000ec76a2b0,0x00000000ec780000)
  to   space 2048K, 0% used [0x00000000ec780000,0x00000000ec780000,0x00000000ec980000)
 ParOldGen       total 68608K, used 13559K [0x00000000c0000000, 0x00000000c4300000, 0x00000000eab00000)
  object space 68608K, 19% used [0x00000000c0000000,0x00000000c0d3dea8,0x00000000c4300000)
 Metaspace       used 28809K, committed 29760K, reserved 1114112K
  class space    used 2837K, committed 3264K, reserved 1048576K
}
Event: 20.418 GC heap after
{Heap after GC invocations=11 (full 1):
 PSYoungGen      total 25600K, used 2023K [0x00000000eab00000, 0x00000000eca00000, 0x0000000100000000)
  eden space 23552K, 0% used [0x00000000eab00000,0x00000000eab00000,0x00000000ec200000)
  from space 2048K, 98% used [0x00000000ec780000,0x00000000ec979d88,0x00000000ec980000)
  to   space 4096K, 0% used [0x00000000ec200000,0x00000000ec200000,0x00000000ec600000)
 ParOldGen       total 68608K, used 14933K [0x00000000c0000000, 0x00000000c4300000, 0x00000000eab00000)
  object space 68608K, 21% used [0x00000000c0000000,0x00000000c0e955a0,0x00000000c4300000)
 Metaspace       used 28809K, committed 29760K, reserved 1114112K
  class space    used 2837K, committed 3264K, reserved 1048576K
}
Event: 21.019 GC heap before
{Heap before GC invocations=12 (full 1):
 PSYoungGen      total 25600K, used 25575K [0x00000000eab00000, 0x00000000eca00000, 0x0000000100000000)
  eden space 23552K, 100% used [0x00000000eab00000,0x00000000ec200000,0x00000000ec200000)
  from space 2048K, 98% used [0x00000000ec780000,0x00000000ec979d88,0x00000000ec980000)
  to   space 4096K, 0% used [0x00000000ec200000,0x00000000ec200000,0x00000000ec600000)
 ParOldGen       total 68608K, used 14933K [0x00000000c0000000, 0x00000000c4300000, 0x00000000eab00000)
  object space 68608K, 21% used [0x00000000c0000000,0x00000000c0e955a0,0x00000000c4300000)
 Metaspace       used 31798K, committed 32768K, reserved 1114112K
  class space    used 3156K, committed 3584K, reserved 1048576K
}
Event: 21.024 GC heap after
{Heap after GC invocations=12 (full 1):
 PSYoungGen      total 27136K, used 1248K [0x00000000eab00000, 0x00000000ec800000, 0x0000000100000000)
  eden space 23040K, 0% used [0x00000000eab00000,0x00000000eab00000,0x00000000ec180000)
  from space 4096K, 30% used [0x00000000ec200000,0x00000000ec338000,0x00000000ec600000)
  to   space 2048K, 0% used [0x00000000ec600000,0x00000000ec600000,0x00000000ec800000)
 ParOldGen       total 68608K, used 16817K [0x00000000c0000000, 0x00000000c4300000, 0x00000000eab00000)
  object space 68608K, 24% used [0x00000000c0000000,0x00000000c106c778,0x00000000c4300000)
 Metaspace       used 31798K, committed 32768K, reserved 1114112K
  class space    used 3156K, committed 3584K, reserved 1048576K
}
Event: 21.515 GC heap before
{Heap before GC invocations=13 (full 1):
 PSYoungGen      total 27136K, used 24288K [0x00000000eab00000, 0x00000000ec800000, 0x0000000100000000)
  eden space 23040K, 100% used [0x00000000eab00000,0x00000000ec180000,0x00000000ec180000)
  from space 4096K, 30% used [0x00000000ec200000,0x00000000ec338000,0x00000000ec600000)
  to   space 2048K, 0% used [0x00000000ec600000,0x00000000ec600000,0x00000000ec800000)
 ParOldGen       total 68608K, used 16817K [0x00000000c0000000, 0x00000000c4300000, 0x00000000eab00000)
  object space 68608K, 24% used [0x00000000c0000000,0x00000000c106c778,0x00000000c4300000)
 Metaspace       used 34481K, committed 35520K, reserved 1114112K
  class space    used 3475K, committed 3904K, reserved 1048576K
}
Event: 21.520 GC heap after
{Heap after GC invocations=13 (full 1):
 PSYoungGen      total 24064K, used 1521K [0x00000000eab00000, 0x00000000ec780000, 0x0000000100000000)
  eden space 22528K, 0% used [0x00000000eab00000,0x00000000eab00000,0x00000000ec100000)
  from space 1536K, 99% used [0x00000000ec600000,0x00000000ec77c610,0x00000000ec780000)
  to   space 2048K, 0% used [0x00000000ec380000,0x00000000ec380000,0x00000000ec580000)
 ParOldGen       total 68608K, used 17886K [0x00000000c0000000, 0x00000000c4300000, 0x00000000eab00000)
  object space 68608K, 26% used [0x00000000c0000000,0x00000000c1177ab8,0x00000000c4300000)
 Metaspace       used 34481K, committed 35520K, reserved 1114112K
  class space    used 3475K, committed 3904K, reserved 1048576K
}
Event: 21.564 GC heap before
{Heap before GC invocations=14 (full 1):
 PSYoungGen      total 24064K, used 4613K [0x00000000eab00000, 0x00000000ec780000, 0x0000000100000000)
  eden space 22528K, 13% used [0x00000000eab00000,0x00000000eae04fb0,0x00000000ec100000)
  from space 1536K, 99% used [0x00000000ec600000,0x00000000ec77c610,0x00000000ec780000)
  to   space 2048K, 0% used [0x00000000ec380000,0x00000000ec380000,0x00000000ec580000)
 ParOldGen       total 68608K, used 17886K [0x00000000c0000000, 0x00000000c4300000, 0x00000000eab00000)
  object space 68608K, 26% used [0x00000000c0000000,0x00000000c1177ab8,0x00000000c4300000)
 Metaspace       used 34813K, committed 35840K, reserved 1114112K
  class space    used 3520K, committed 3968K, reserved 1048576K
}
Event: 21.567 GC heap after
{Heap after GC invocations=14 (full 1):
 PSYoungGen      total 24576K, used 368K [0x00000000eab00000, 0x00000000ec680000, 0x0000000100000000)
  eden space 22528K, 0% used [0x00000000eab00000,0x00000000eab00000,0x00000000ec100000)
  from space 2048K, 17% used [0x00000000ec380000,0x00000000ec3dc010,0x00000000ec580000)
  to   space 1024K, 0% used [0x00000000ec580000,0x00000000ec580000,0x00000000ec680000)
 ParOldGen       total 68608K, used 19245K [0x00000000c0000000, 0x00000000c4300000, 0x00000000eab00000)
  object space 68608K, 28% used [0x00000000c0000000,0x00000000c12cb638,0x00000000c4300000)
 Metaspace       used 34813K, committed 35840K, reserved 1114112K
  class space    used 3520K, committed 3968K, reserved 1048576K
}
Event: 21.567 GC heap before
{Heap before GC invocations=15 (full 2):
 PSYoungGen      total 24576K, used 368K [0x00000000eab00000, 0x00000000ec680000, 0x0000000100000000)
  eden space 22528K, 0% used [0x00000000eab00000,0x00000000eab00000,0x00000000ec100000)
  from space 2048K, 17% used [0x00000000ec380000,0x00000000ec3dc010,0x00000000ec580000)
  to   space 1024K, 0% used [0x00000000ec580000,0x00000000ec580000,0x00000000ec680000)
 ParOldGen       total 68608K, used 19245K [0x00000000c0000000, 0x00000000c4300000, 0x00000000eab00000)
  object space 68608K, 28% used [0x00000000c0000000,0x00000000c12cb638,0x00000000c4300000)
 Metaspace       used 34813K, committed 35840K, reserved 1114112K
  class space    used 3520K, committed 3968K, reserved 1048576K
}
Event: 21.641 GC heap after
{Heap after GC invocations=15 (full 2):
 PSYoungGen      total 24576K, used 0K [0x00000000eab00000, 0x00000000ec680000, 0x0000000100000000)
  eden space 22528K, 0% used [0x00000000eab00000,0x00000000eab00000,0x00000000ec100000)
  from space 2048K, 0% used [0x00000000ec380000,0x00000000ec380000,0x00000000ec580000)
  to   space 1024K, 0% used [0x00000000ec580000,0x00000000ec580000,0x00000000ec680000)
 ParOldGen       total 68608K, used 17846K [0x00000000c0000000, 0x00000000c4300000, 0x00000000eab00000)
  object space 68608K, 26% used [0x00000000c0000000,0x00000000c116d948,0x00000000c4300000)
 Metaspace       used 34787K, committed 35840K, reserved 1114112K
  class space    used 3513K, committed 3968K, reserved 1048576K
}
Event: 22.063 GC heap before
{Heap before GC invocations=16 (full 2):
 PSYoungGen      total 24576K, used 22528K [0x00000000eab00000, 0x00000000ec680000, 0x0000000100000000)
  eden space 22528K, 100% used [0x00000000eab00000,0x00000000ec100000,0x00000000ec100000)
  from space 2048K, 0% used [0x00000000ec380000,0x00000000ec380000,0x00000000ec580000)
  to   space 1024K, 0% used [0x00000000ec580000,0x00000000ec580000,0x00000000ec680000)
 ParOldGen       total 68608K, used 17846K [0x00000000c0000000, 0x00000000c4300000, 0x00000000eab00000)
  object space 68608K, 26% used [0x00000000c0000000,0x00000000c116d948,0x00000000c4300000)
 Metaspace       used 37676K, committed 38848K, reserved 1114112K
  class space    used 3849K, committed 4352K, reserved 1048576K
}
Event: 22.067 GC heap after
{Heap after GC invocations=16 (full 2):
 PSYoungGen      total 23040K, used 1001K [0x00000000eab00000, 0x00000000ec980000, 0x0000000100000000)
  eden space 22016K, 0% used [0x00000000eab00000,0x00000000eab00000,0x00000000ec080000)
  from space 1024K, 97% used [0x00000000ec580000,0x00000000ec67a450,0x00000000ec680000)
  to   space 4608K, 0% used [0x00000000ec080000,0x00000000ec080000,0x00000000ec500000)
 ParOldGen       total 68608K, used 20753K [0x00000000c0000000, 0x00000000c4300000, 0x00000000eab00000)
  object space 68608K, 30% used [0x00000000c0000000,0x00000000c14447d8,0x00000000c4300000)
 Metaspace       used 37676K, committed 38848K, reserved 1114112K
  class space    used 3849K, committed 4352K, reserved 1048576K
}
Event: 22.423 GC heap before
{Heap before GC invocations=17 (full 2):
 PSYoungGen      total 23040K, used 23017K [0x00000000eab00000, 0x00000000ec980000, 0x0000000100000000)
  eden space 22016K, 100% used [0x00000000eab00000,0x00000000ec080000,0x00000000ec080000)
  from space 1024K, 97% used [0x00000000ec580000,0x00000000ec67a450,0x00000000ec680000)
  to   space 4608K, 0% used [0x00000000ec080000,0x00000000ec080000,0x00000000ec500000)
 ParOldGen       total 68608K, used 20753K [0x00000000c0000000, 0x00000000c4300000, 0x00000000eab00000)
  object space 68608K, 30% used [0x00000000c0000000,0x00000000c14447d8,0x00000000c4300000)
 Metaspace       used 40598K, committed 41728K, reserved 1114112K
  class space    used 4203K, committed 4672K, reserved 1048576K
}
Event: 22.428 GC heap after
{Heap after GC invocations=17 (full 2):
 PSYoungGen      total 24064K, used 1696K [0x00000000eab00000, 0x00000000ec600000, 0x0000000100000000)
  eden space 22016K, 0% used [0x00000000eab00000,0x00000000eab00000,0x00000000ec080000)
  from space 2048K, 82% used [0x00000000ec080000,0x00000000ec228000,0x00000000ec280000)
  to   space 2560K, 0% used [0x00000000ec380000,0x00000000ec380000,0x00000000ec600000)
 ParOldGen       total 68608K, used 21544K [0x00000000c0000000, 0x00000000c4300000, 0x00000000eab00000)
  object space 68608K, 31% used [0x00000000c0000000,0x00000000c150a378,0x00000000c4300000)
 Metaspace       used 40598K, committed 41728K, reserved 1114112K
  class space    used 4203K, committed 4672K, reserved 1048576K
}

